Analysis & Synthesis report for remote_top
Fri Jul 10 23:20:53 2020
Quartus Prime Version 18.1.0 Build 625 09/12/2018 SJ Lite Edition


---------------------
; Table of Contents ;
---------------------
  1. Legal Notice
  2. Analysis & Synthesis Summary
  3. Analysis & Synthesis Settings
  4. Parallel Compilation
  5. Analysis & Synthesis Source Files Read
  6. Analysis & Synthesis Resource Usage Summary
  7. Analysis & Synthesis Resource Utilization by Entity
  8. State Machine - |remote_top|samsung_protocol:prot|state
  9. Registers Removed During Synthesis
 10. General Register Statistics
 11. Multiplexer Restructuring Statistics (Restructuring Performed)
 12. Parameter Settings for User Entity Instance: samsung_protocol:prot
 13. Post-Synthesis Netlist Statistics for Top Partition
 14. Elapsed Time Per Partition
 15. Analysis & Synthesis Messages
 16. Analysis & Synthesis Suppressed Messages



----------------
; Legal Notice ;
----------------
Copyright (C) 2018  Intel Corporation. All rights reserved.
Your use of Intel Corporation's design tools, logic functions 
and other software and tools, and its AMPP partner logic 
functions, and any output files from any of the foregoing 
(including device programming or simulation files), and any 
associated documentation or information are expressly subject 
to the terms and conditions of the Intel Program License 
Subscription Agreement, the Intel Quartus Prime License Agreement,
the Intel FPGA IP License Agreement, or other applicable license
agreement, including, without limitation, that your use is for
the sole purpose of programming logic devices manufactured by
Intel and sold by Intel or its authorized distributors.  Please
refer to the applicable agreement for further details.



+-------------------------------------------------------------------------------+
; Analysis & Synthesis Summary                                                  ;
+---------------------------------+---------------------------------------------+
; Analysis & Synthesis Status     ; Successful - Fri Jul 10 23:20:53 2020       ;
; Quartus Prime Version           ; 18.1.0 Build 625 09/12/2018 SJ Lite Edition ;
; Revision Name                   ; remote_top                                  ;
; Top-level Entity Name           ; remote_top                                  ;
; Family                          ; Cyclone V                                   ;
; Logic utilization (in ALMs)     ; N/A                                         ;
; Total registers                 ; 122                                         ;
; Total pins                      ; 7                                           ;
; Total virtual pins              ; 0                                           ;
; Total block memory bits         ; 0                                           ;
; Total DSP Blocks                ; 0                                           ;
; Total HSSI RX PCSs              ; 0                                           ;
; Total HSSI PMA RX Deserializers ; 0                                           ;
; Total HSSI TX PCSs              ; 0                                           ;
; Total HSSI PMA TX Serializers   ; 0                                           ;
; Total PLLs                      ; 0                                           ;
; Total DLLs                      ; 0                                           ;
+---------------------------------+---------------------------------------------+


+---------------------------------------------------------------------------------------------------------------------------+
; Analysis & Synthesis Settings                                                                                             ;
+---------------------------------------------------------------------------------+--------------------+--------------------+
; Option                                                                          ; Setting            ; Default Value      ;
+---------------------------------------------------------------------------------+--------------------+--------------------+
; Device                                                                          ; 5CSEMA5F31C6       ;                    ;
; Top-level entity name                                                           ; remote_top         ; remote_top         ;
; Family name                                                                     ; Cyclone V          ; Cyclone V          ;
; Use smart compilation                                                           ; Off                ; Off                ;
; Enable parallel Assembler and Timing Analyzer during compilation                ; On                 ; On                 ;
; Enable compact report table                                                     ; Off                ; Off                ;
; Restructure Multiplexers                                                        ; Auto               ; Auto               ;
; MLAB Add Timing Constraints For Mixed-Port Feed-Through Mode Setting Don't Care ; Off                ; Off                ;
; Create Debugging Nodes for IP Cores                                             ; Off                ; Off                ;
; Preserve fewer node names                                                       ; On                 ; On                 ;
; Intel FPGA IP Evaluation Mode                                                   ; Enable             ; Enable             ;
; Verilog Version                                                                 ; Verilog_2001       ; Verilog_2001       ;
; VHDL Version                                                                    ; VHDL_1993          ; VHDL_1993          ;
; State Machine Processing                                                        ; Auto               ; Auto               ;
; Safe State Machine                                                              ; Off                ; Off                ;
; Extract Verilog State Machines                                                  ; On                 ; On                 ;
; Extract VHDL State Machines                                                     ; On                 ; On                 ;
; Ignore Verilog initial constructs                                               ; Off                ; Off                ;
; Iteration limit for constant Verilog loops                                      ; 5000               ; 5000               ;
; Iteration limit for non-constant Verilog loops                                  ; 250                ; 250                ;
; Add Pass-Through Logic to Inferred RAMs                                         ; On                 ; On                 ;
; Infer RAMs from Raw Logic                                                       ; On                 ; On                 ;
; Parallel Synthesis                                                              ; On                 ; On                 ;
; DSP Block Balancing                                                             ; Auto               ; Auto               ;
; NOT Gate Push-Back                                                              ; On                 ; On                 ;
; Power-Up Don't Care                                                             ; On                 ; On                 ;
; Remove Redundant Logic Cells                                                    ; Off                ; Off                ;
; Remove Duplicate Registers                                                      ; On                 ; On                 ;
; Ignore CARRY Buffers                                                            ; Off                ; Off                ;
; Ignore CASCADE Buffers                                                          ; Off                ; Off                ;
; Ignore GLOBAL Buffers                                                           ; Off                ; Off                ;
; Ignore ROW GLOBAL Buffers                                                       ; Off                ; Off                ;
; Ignore LCELL Buffers                                                            ; Off                ; Off                ;
; Ignore SOFT Buffers                                                             ; On                 ; On                 ;
; Limit AHDL Integers to 32 Bits                                                  ; Off                ; Off                ;
; Optimization Technique                                                          ; Balanced           ; Balanced           ;
; Carry Chain Length                                                              ; 70                 ; 70                 ;
; Auto Carry Chains                                                               ; On                 ; On                 ;
; Auto Open-Drain Pins                                                            ; On                 ; On                 ;
; Perform WYSIWYG Primitive Resynthesis                                           ; Off                ; Off                ;
; Auto ROM Replacement                                                            ; On                 ; On                 ;
; Auto RAM Replacement                                                            ; On                 ; On                 ;
; Auto DSP Block Replacement                                                      ; On                 ; On                 ;
; Auto Shift Register Replacement                                                 ; Auto               ; Auto               ;
; Allow Shift Register Merging across Hierarchies                                 ; Auto               ; Auto               ;
; Auto Clock Enable Replacement                                                   ; On                 ; On                 ;
; Strict RAM Replacement                                                          ; Off                ; Off                ;
; Allow Synchronous Control Signals                                               ; On                 ; On                 ;
; Force Use of Synchronous Clear Signals                                          ; Off                ; Off                ;
; Auto Resource Sharing                                                           ; Off                ; Off                ;
; Allow Any RAM Size For Recognition                                              ; Off                ; Off                ;
; Allow Any ROM Size For Recognition                                              ; Off                ; Off                ;
; Allow Any Shift Register Size For Recognition                                   ; Off                ; Off                ;
; Use LogicLock Constraints during Resource Balancing                             ; On                 ; On                 ;
; Ignore translate_off and synthesis_off directives                               ; Off                ; Off                ;
; Timing-Driven Synthesis                                                         ; On                 ; On                 ;
; Report Parameter Settings                                                       ; On                 ; On                 ;
; Report Source Assignments                                                       ; On                 ; On                 ;
; Report Connectivity Checks                                                      ; On                 ; On                 ;
; Ignore Maximum Fan-Out Assignments                                              ; Off                ; Off                ;
; Synchronization Register Chain Length                                           ; 3                  ; 3                  ;
; Power Optimization During Synthesis                                             ; Normal compilation ; Normal compilation ;
; HDL message level                                                               ; Level2             ; Level2             ;
; Suppress Register Optimization Related Messages                                 ; Off                ; Off                ;
; Number of Removed Registers Reported in Synthesis Report                        ; 5000               ; 5000               ;
; Number of Swept Nodes Reported in Synthesis Report                              ; 5000               ; 5000               ;
; Number of Inverted Registers Reported in Synthesis Report                       ; 100                ; 100                ;
; Clock MUX Protection                                                            ; On                 ; On                 ;
; Auto Gated Clock Conversion                                                     ; Off                ; Off                ;
; Block Design Naming                                                             ; Auto               ; Auto               ;
; SDC constraint protection                                                       ; Off                ; Off                ;
; Synthesis Effort                                                                ; Auto               ; Auto               ;
; Shift Register Replacement - Allow Asynchronous Clear Signal                    ; On                 ; On                 ;
; Pre-Mapping Resynthesis Optimization                                            ; Off                ; Off                ;
; Analysis & Synthesis Message Level                                              ; Medium             ; Medium             ;
; Disable Register Merging Across Hierarchies                                     ; Auto               ; Auto               ;
; Resource Aware Inference For Block RAM                                          ; On                 ; On                 ;
; Automatic Parallel Synthesis                                                    ; On                 ; On                 ;
; Partial Reconfiguration Bitstream ID                                            ; Off                ; Off                ;
+---------------------------------------------------------------------------------+--------------------+--------------------+


+------------------------------------------+
; Parallel Compilation                     ;
+----------------------------+-------------+
; Processors                 ; Number      ;
+----------------------------+-------------+
; Number detected on machine ; 8           ;
; Maximum allowed            ; 4           ;
;                            ;             ;
; Average used               ; 1.00        ;
; Maximum used               ; 4           ;
;                            ;             ;
; Usage by Processor         ; % Time Used ;
;     Processor 1            ; 100.0%      ;
;     Processors 2-4         ;   0.0%      ;
+----------------------------+-------------+


+-------------------------------------------------------------------------------------------------------------------------------------------------------------+
; Analysis & Synthesis Source Files Read                                                                                                                      ;
+----------------------------------+-----------------+------------------------------+---------------------------------------------------------------+---------+
; File Name with User-Entered Path ; Used in Netlist ; File Type                    ; File Name with Absolute Path                                  ; Library ;
+----------------------------------+-----------------+------------------------------+---------------------------------------------------------------+---------+
; remote_top.sv                    ; yes             ; User SystemVerilog HDL File  ; C:/Users/fumin/Documents/FPGA_proj/remote/remote_top.sv       ;         ;
; clk_38k.sv                       ; yes             ; User SystemVerilog HDL File  ; C:/Users/fumin/Documents/FPGA_proj/remote/clk_38k.sv          ;         ;
; samsung_command.sv               ; yes             ; User SystemVerilog HDL File  ; C:/Users/fumin/Documents/FPGA_proj/remote/samsung_command.sv  ;         ;
; ir_drive.sv                      ; yes             ; User SystemVerilog HDL File  ; C:/Users/fumin/Documents/FPGA_proj/remote/ir_drive.sv         ;         ;
; samsung_protocol.sv              ; yes             ; User SystemVerilog HDL File  ; C:/Users/fumin/Documents/FPGA_proj/remote/samsung_protocol.sv ;         ;
+----------------------------------+-----------------+------------------------------+---------------------------------------------------------------+---------+


+--------------------------------------------------------------+
; Analysis & Synthesis Resource Usage Summary                  ;
+---------------------------------------------+----------------+
; Resource                                    ; Usage          ;
+---------------------------------------------+----------------+
; Estimate of Logic utilization (ALMs needed) ; 101            ;
;                                             ;                ;
; Combinational ALUT usage for logic          ; 169            ;
;     -- 7 input functions                    ; 0              ;
;     -- 6 input functions                    ; 32             ;
;     -- 5 input functions                    ; 19             ;
;     -- 4 input functions                    ; 41             ;
;     -- <=3 input functions                  ; 77             ;
;                                             ;                ;
; Dedicated logic registers                   ; 122            ;
;                                             ;                ;
; I/O pins                                    ; 7              ;
;                                             ;                ;
; Total DSP Blocks                            ; 0              ;
;                                             ;                ;
; Maximum fan-out node                        ; CLOCK_50~input ;
; Maximum fan-out                             ; 122            ;
; Total fan-out                               ; 1050           ;
; Average fan-out                             ; 3.44           ;
+---------------------------------------------+----------------+


+---------------------------------------------------------------------------------------------------------------------------------------------------------------------------------------------------------------------+
; Analysis & Synthesis Resource Utilization by Entity                                                                                                                                                                 ;
+---------------------------------+---------------------+---------------------------+-------------------+------------+------+--------------+----------------------------------------+------------------+--------------+
; Compilation Hierarchy Node      ; Combinational ALUTs ; Dedicated Logic Registers ; Block Memory Bits ; DSP Blocks ; Pins ; Virtual Pins ; Full Hierarchy Name                    ; Entity Name      ; Library Name ;
+---------------------------------+---------------------+---------------------------+-------------------+------------+------+--------------+----------------------------------------+------------------+--------------+
; |remote_top                     ; 169 (0)             ; 122 (0)                   ; 0                 ; 0          ; 7    ; 0            ; |remote_top                            ; remote_top       ; work         ;
;    |clk_38k:divider|            ; 17 (17)             ; 13 (13)                   ; 0                 ; 0          ; 0    ; 0            ; |remote_top|clk_38k:divider            ; clk_38k          ; work         ;
;    |ir_drive:ir_drv|            ; 1 (1)               ; 0 (0)                     ; 0                 ; 0          ; 0    ; 0            ; |remote_top|ir_drive:ir_drv            ; ir_drive         ; work         ;
;    |samsung_command:key_to_cmd| ; 32 (32)             ; 25 (25)                   ; 0                 ; 0          ; 0    ; 0            ; |remote_top|samsung_command:key_to_cmd ; samsung_command  ; work         ;
;    |samsung_protocol:prot|      ; 119 (119)           ; 84 (84)                   ; 0                 ; 0          ; 0    ; 0            ; |remote_top|samsung_protocol:prot      ; samsung_protocol ; work         ;
+---------------------------------+---------------------+---------------------------+-------------------+------------+------+--------------+----------------------------------------+------------------+--------------+
Note: For table entries with two numbers listed, the numbers in parentheses indicate the number of resources of the given type used by the specific entity alone. The numbers listed outside of parentheses indicate the total resources of the given type used by the specific entity and all of its sub-entities in the hierarchy.


Encoding Type:  One-Hot
+------------------------------------------------------------------------------------------------------------------------+
; State Machine - |remote_top|samsung_protocol:prot|state                                                                ;
+----------------+-----------+---------------+--------------+--------------+----------------+--------------+-------------+
; Name           ; state.END ; state.NEXTBIT ; state.BITLOW ; state.DATAUP ; state.LEADDOWN ; state.LEADUP ; state.BEGIN ;
+----------------+-----------+---------------+--------------+--------------+----------------+--------------+-------------+
; state.BEGIN    ; 0         ; 0             ; 0            ; 0            ; 0              ; 0            ; 0           ;
; state.LEADUP   ; 0         ; 0             ; 0            ; 0            ; 0              ; 1            ; 1           ;
; state.LEADDOWN ; 0         ; 0             ; 0            ; 0            ; 1              ; 0            ; 1           ;
; state.DATAUP   ; 0         ; 0             ; 0            ; 1            ; 0              ; 0            ; 1           ;
; state.BITLOW   ; 0         ; 0             ; 1            ; 0            ; 0              ; 0            ; 1           ;
; state.NEXTBIT  ; 0         ; 1             ; 0            ; 0            ; 0              ; 0            ; 1           ;
; state.END      ; 1         ; 0             ; 0            ; 0            ; 0              ; 0            ; 1           ;
+----------------+-----------+---------------+--------------+--------------+----------------+--------------+-------------+


+---------------------------------------------------------------------------------------------------------------------+
; Registers Removed During Synthesis                                                                                  ;
+----------------------------------------------------------------+----------------------------------------------------+
; Register name                                                  ; Reason for Removal                                 ;
+----------------------------------------------------------------+----------------------------------------------------+
; samsung_command:key_to_cmd|command[1..5,7,14,21..23,29..31]    ; Merged with samsung_command:key_to_cmd|command[0]  ;
; samsung_command:key_to_cmd|command[6,8,9,11..13,15..20,24..28] ; Merged with samsung_command:key_to_cmd|command[10] ;
; samsung_protocol:prot|stop_val[1,12,15,18..31]                 ; Merged with samsung_protocol:prot|stop_val[0]      ;
; samsung_protocol:prot|stop_val[3,7]                            ; Merged with samsung_protocol:prot|stop_val[17]     ;
; samsung_protocol:prot|stop_val[9]                              ; Merged with samsung_protocol:prot|stop_val[16]     ;
; samsung_protocol:prot|stop_val[14]                             ; Merged with samsung_protocol:prot|stop_val[11]     ;
; samsung_protocol:prot|stop_val[5,6,13]                         ; Merged with samsung_protocol:prot|stop_val[10]     ;
; samsung_protocol:prot|stop_val[4]                              ; Merged with samsung_protocol:prot|stop_val[2]      ;
; samsung_command:key_to_cmd|command[10]                         ; Stuck at GND due to stuck port data_in             ;
; samsung_protocol:prot|stop_val[0]                              ; Stuck at GND due to stuck port data_in             ;
; samsung_protocol:prot|state~9                                  ; Lost fanout                                        ;
; samsung_protocol:prot|state~10                                 ; Lost fanout                                        ;
; samsung_protocol:prot|state~11                                 ; Lost fanout                                        ;
; samsung_protocol:prot|state~12                                 ; Lost fanout                                        ;
; Total Number of Removed Registers = 61                         ;                                                    ;
+----------------------------------------------------------------+----------------------------------------------------+


+------------------------------------------------------+
; General Register Statistics                          ;
+----------------------------------------------+-------+
; Statistic                                    ; Value ;
+----------------------------------------------+-------+
; Total registers                              ; 122   ;
; Number of registers using Synchronous Clear  ; 98    ;
; Number of registers using Synchronous Load   ; 2     ;
; Number of registers using Asynchronous Clear ; 0     ;
; Number of registers using Asynchronous Load  ; 0     ;
; Number of registers using Clock Enable       ; 91    ;
; Number of registers using Preset             ; 0     ;
+----------------------------------------------+-------+


+------------------------------------------------------------------------------------------------------------------------------------------------------------------+
; Multiplexer Restructuring Statistics (Restructuring Performed)                                                                                                   ;
+--------------------+-----------+---------------+----------------------+------------------------+------------+----------------------------------------------------+
; Multiplexer Inputs ; Bus Width ; Baseline Area ; Area if Restructured ; Saving if Restructured ; Registered ; Example Multiplexer Output                         ;
+--------------------+-----------+---------------+----------------------+------------------------+------------+----------------------------------------------------+
; 3:1                ; 12 bits   ; 24 LEs        ; 0 LEs                ; 24 LEs                 ; Yes        ; |remote_top|clk_38k:divider|counter[3]             ;
; 5:1                ; 23 bits   ; 69 LEs        ; 0 LEs                ; 69 LEs                 ; Yes        ; |remote_top|samsung_command:key_to_cmd|counter3[2] ;
; 4:1                ; 31 bits   ; 62 LEs        ; 31 LEs               ; 31 LEs                 ; Yes        ; |remote_top|samsung_protocol:prot|cmd[24]          ;
; 4:1                ; 6 bits    ; 12 LEs        ; 12 LEs               ; 0 LEs                  ; Yes        ; |remote_top|samsung_protocol:prot|num_shifts[2]    ;
; 5:1                ; 2 bits    ; 6 LEs         ; 4 LEs                ; 2 LEs                  ; Yes        ; |remote_top|samsung_protocol:prot|stop_val[11]     ;
; 6:1                ; 2 bits    ; 8 LEs         ; 4 LEs                ; 4 LEs                  ; Yes        ; |remote_top|samsung_protocol:prot|stop_val[10]     ;
; 7:1                ; 2 bits    ; 8 LEs         ; 6 LEs                ; 2 LEs                  ; Yes        ; |remote_top|samsung_protocol:prot|stop_val[8]      ;
; 7:1                ; 32 bits   ; 128 LEs       ; 0 LEs                ; 128 LEs                ; Yes        ; |remote_top|samsung_protocol:prot|counter[31]      ;
+--------------------+-----------+---------------+----------------------+------------------------+------------+----------------------------------------------------+


+--------------------------------------------------------------------+
; Parameter Settings for User Entity Instance: samsung_protocol:prot ;
+----------------+--------+------------------------------------------+
; Parameter Name ; Value  ; Type                                     ;
+----------------+--------+------------------------------------------+
; leadup         ; 225000 ; Signed Integer                           ;
; leaddown       ; 225000 ; Signed Integer                           ;
; dataup         ; 28000  ; Signed Integer                           ;
; data0          ; 28000  ; Signed Integer                           ;
; data1          ; 84500  ; Signed Integer                           ;
; stop           ; 28000  ; Signed Integer                           ;
+----------------+--------+------------------------------------------+
Note: In order to hide this table in the UI and the text report file, please set the "Show Parameter Settings in Synthesis Report" option in "Analysis and Synthesis Settings -> More Settings" to "Off".


+-----------------------------------------------------+
; Post-Synthesis Netlist Statistics for Top Partition ;
+-----------------------+-----------------------------+
; Type                  ; Count                       ;
+-----------------------+-----------------------------+
; arriav_ff             ; 122                         ;
;     ENA               ; 4                           ;
;     ENA SCLR          ; 86                          ;
;     ENA SLD           ; 1                           ;
;     SCLR              ; 12                          ;
;     SLD               ; 1                           ;
;     plain             ; 18                          ;
; arriav_lcell_comb     ; 169                         ;
;     arith             ; 67                          ;
;         1 data inputs ; 67                          ;
;     normal            ; 102                         ;
;         2 data inputs ; 5                           ;
;         3 data inputs ; 5                           ;
;         4 data inputs ; 41                          ;
;         5 data inputs ; 19                          ;
;         6 data inputs ; 32                          ;
; boundary_port         ; 7                           ;
;                       ;                             ;
; Max LUT depth         ; 4.10                        ;
; Average LUT depth     ; 2.81                        ;
+-----------------------+-----------------------------+


+-------------------------------+
; Elapsed Time Per Partition    ;
+----------------+--------------+
; Partition Name ; Elapsed Time ;
+----------------+--------------+
; Top            ; 00:00:01     ;
+----------------+--------------+


+-------------------------------+
; Analysis & Synthesis Messages ;
+-------------------------------+
Info: *******************************************************************
Info: Running Quartus Prime Analysis & Synthesis
    Info: Version 18.1.0 Build 625 09/12/2018 SJ Lite Edition
    Info: Processing started: Fri Jul 10 23:20:29 2020
Info: Command: quartus_map --read_settings_files=on --write_settings_files=off remote -c remote_top
Warning (18236): Number of processors has not been specified which may cause overloading on shared machines.  Set the global assignment NUM_PARALLEL_PROCESSORS in your QSF to an appropriate value for best performance.
Info (20030): Parallel compilation is enabled and will use 4 of the 4 processors detected
Info (12021): Found 2 design units, including 2 entities, in source file remote_top.sv
    Info (12023): Found entity 1: remote_top File: C:/Users/fumin/Documents/FPGA_proj/remote/remote_top.sv Line: 3
    Info (12023): Found entity 2: remote_test File: C:/Users/fumin/Documents/FPGA_proj/remote/remote_top.sv Line: 34
Info (12021): Found 2 design units, including 2 entities, in source file clk_38k.sv
    Info (12023): Found entity 1: clk_38k File: C:/Users/fumin/Documents/FPGA_proj/remote/clk_38k.sv Line: 4
    Info (12023): Found entity 2: clk_testbench File: C:/Users/fumin/Documents/FPGA_proj/remote/clk_38k.sv Line: 46
Info (12021): Found 2 design units, including 2 entities, in source file samsung_command.sv
    Info (12023): Found entity 1: samsung_command File: C:/Users/fumin/Documents/FPGA_proj/remote/samsung_command.sv Line: 3
    Info (12023): Found entity 2: command_testbench File: C:/Users/fumin/Documents/FPGA_proj/remote/samsung_command.sv Line: 62
Info (12021): Found 2 design units, including 2 entities, in source file ir_drive.sv
    Info (12023): Found entity 1: ir_drive File: C:/Users/fumin/Documents/FPGA_proj/remote/ir_drive.sv Line: 3
    Info (12023): Found entity 2: ir_test File: C:/Users/fumin/Documents/FPGA_proj/remote/ir_drive.sv Line: 14
Info (12021): Found 2 design units, including 2 entities, in source file samsung_protocol.sv
    Info (12023): Found entity 1: samsung_protocol File: C:/Users/fumin/Documents/FPGA_proj/remote/samsung_protocol.sv Line: 3
    Info (12023): Found entity 2: prot_test File: C:/Users/fumin/Documents/FPGA_proj/remote/samsung_protocol.sv Line: 163
Info (12127): Elaborating entity "remote_top" for the top level hierarchy
Info (12128): Elaborating entity "clk_38k" for hierarchy "clk_38k:divider" File: C:/Users/fumin/Documents/FPGA_proj/remote/remote_top.sv Line: 16
Warning (10230): Verilog HDL assignment warning at clk_38k.sv(25): truncated value with size 32 to match size of target (12) File: C:/Users/fumin/Documents/FPGA_proj/remote/clk_38k.sv Line: 25
Warning (10230): Verilog HDL assignment warning at clk_38k.sv(38): truncated value with size 32 to match size of target (12) File: C:/Users/fumin/Documents/FPGA_proj/remote/clk_38k.sv Line: 38
Info (12128): Elaborating entity "samsung_command" for hierarchy "samsung_command:key_to_cmd" File: C:/Users/fumin/Documents/FPGA_proj/remote/remote_top.sv Line: 21
Warning (10230): Verilog HDL assignment warning at samsung_command.sv(54): truncated value with size 32 to match size of target (23) File: C:/Users/fumin/Documents/FPGA_proj/remote/samsung_command.sv Line: 54
Info (12128): Elaborating entity "samsung_protocol" for hierarchy "samsung_protocol:prot" File: C:/Users/fumin/Documents/FPGA_proj/remote/remote_top.sv Line: 26
Warning (10230): Verilog HDL assignment warning at samsung_protocol.sv(118): truncated value with size 32 to match size of target (6) File: C:/Users/fumin/Documents/FPGA_proj/remote/samsung_protocol.sv Line: 118
Info (12128): Elaborating entity "ir_drive" for hierarchy "ir_drive:ir_drv" File: C:/Users/fumin/Documents/FPGA_proj/remote/remote_top.sv Line: 30
Info (286030): Timing-Driven Synthesis is running
Info (17049): 4 registers lost all their fanouts during netlist optimizations.
Info (144001): Generated suppressed messages file C:/Users/fumin/Documents/FPGA_proj/remote/output_files/remote_top.map.smsg
Info (16010): Generating hard_block partition "hard_block:auto_generated_inst"
    Info (16011): Adding 0 node(s), including 0 DDIO, 0 PLL, 0 transceiver and 0 LCELL
Warning (21074): Design contains 3 input pin(s) that do not drive logic
    Warning (15610): No output dependent on input pin "KEY[0]" File: C:/Users/fumin/Documents/FPGA_proj/remote/remote_top.sv Line: 5
    Warning (15610): No output dependent on input pin "KEY[1]" File: C:/Users/fumin/Documents/FPGA_proj/remote/remote_top.sv Line: 5
    Warning (15610): No output dependent on input pin "KEY[2]" File: C:/Users/fumin/Documents/FPGA_proj/remote/remote_top.sv Line: 5
Info (21057): Implemented 178 device resources after synthesis - the final resource count might be different
    Info (21058): Implemented 6 input pins
    Info (21059): Implemented 1 output pins
    Info (21061): Implemented 171 logic cells
Info: Quartus Prime Analysis & Synthesis was successful. 0 errors, 9 warnings
    Info: Peak virtual memory: 4828 megabytes
    Info: Processing ended: Fri Jul 10 23:20:53 2020
    Info: Elapsed time: 00:00:24
    Info: Total CPU time (on all processors): 00:00:56


+------------------------------------------+
; Analysis & Synthesis Suppressed Messages ;
+------------------------------------------+
The suppressed messages can be found in C:/Users/fumin/Documents/FPGA_proj/remote/output_files/remote_top.map.smsg.


